<?xml version="1.0" encoding="UTF-8"?>
<!-- Generated by org.testng.reporters.JUnitReportReporter -->
<testsuite hostname="Roshan" failures="0" tests="2" name="testCases.TC002_LoginTest" time="4.634" errors="0" timestamp="2024-07-30T23:28:42 IST" skipped="0">
  <testcase classname="testCases.TC002_LoginTest" name="verify_login" time="2.421"/>
  <system-out/>
  <testcase classname="testCases.TC002_LoginTest" name="verify_login" time="2.213"/>
  <system-out/>
</testsuite> <!-- testCases.TC002_LoginTest -->
