<?xml version="1.0" encoding="UTF-8"?>
<!-- Generated by org.testng.reporters.JUnitReportReporter -->
<testsuite hostname="Roshan" failures="0" tests="2" name="testCases.TC001_AccountRegistrationTest" time="8.176" errors="0" timestamp="2024-07-30T23:28:42 IST" skipped="0">
  <testcase classname="testCases.TC001_AccountRegistrationTest" name="verify_account_registration" time="4.484"/>
  <system-out/>
  <testcase classname="testCases.TC001_AccountRegistrationTest" name="verify_account_registration" time="3.692"/>
  <system-out/>
</testsuite> <!-- testCases.TC001_AccountRegistrationTest -->
